/Users/barronh/Development/kpp/models/atoms
/Users/barronh/Development/kpp/models/./cbm4.spc
/Users/barronh/Development/kpp/models/./cbm4.eqn
Ignoring #ATOMS
Ignoring #DEFVAR
Ignoring #DEFFIX
Ignoring #LANGUAGE
Ignoring #DRIVER
Species: 34 
Reactions: 81
0.0%; {T=4.320E+04 ALD2=1.000E+01 C2O3=1.000E-08 CO=3.000E+02 CRES=1.000E-08 CRO=1.000E-08 ETH=1.000E+01 H2O=1.250E+08 H2O2=1.000E-08 HCHO=1.000E+01 HNO3=1.000E-08 HO2=1.000E-08 HONO=1.000E+00 ISOP=1.000E+01 MGLY=1.000E-08 N2O5=1.000E-08 NO=5.000E+01 NO2=2.000E+01 NO3=1.000E-08 O=1.000E-08 O1D=1.000E-08 O3=1.000E+02 OH=1.000E-08 OLE=1.000E+01 OPEN=1.000E-08 PAN=1.000E+00 PAR=5.000E+01 PNA=1.000E-08 PROD=1.000E-08 ROR=1.000E-08 TO2=1.000E-08 TOL=1.000E+01 XO2=1.000E-08 XO2N=1.000E-08 XYL=1.000E+01 }
0.8%; {T=4.683E+04 ALD2=1.293E+01 C2O3=1.350E-04 CO=3.072E+02 CRES=1.094E+00 CRO=1.778E-05 ETH=1.567E+01 H2O=1.250E+08 H2O2=2.397E-02 HCHO=1.995E+01 HNO3=9.361E+00 HO2=3.690E-03 HONO=2.541E-01 ISOP=2.231E+00 MGLY=3.532E+00 N2O5=2.569E-02 NO=9.859E+00 NO2=4.452E+01 NO3=3.060E-04 O=5.222E-06 O1D=1.695E-12 O3=9.793E+01 OH=2.074E-04 OLE=6.041E+00 OPEN=4.483E-01 PAN=6.096E+00 PAR=4.855E+01 PNA=2.512E-01 PROD=1.522E+00 ROR=6.384E-08 TO2=7.249E-05 TOL=9.110E+00 XO2=2.267E-03 XO2N=1.066E-03 XYL=6.914E+00 }
1.7%; {T=5.046E+04 ALD2=1.213E+01 C2O3=3.470E-04 CO=3.198E+02 CRES=1.230E+00 CRO=5.651E-05 ETH=1.419E+01 H2O=1.250E+08 H2O2=1.780E-01 HCHO=2.258E+01 HNO3=2.193E+01 HO2=9.920E-03 HONO=1.974E-01 ISOP=1.657E-01 MGLY=3.283E+00 N2O5=2.703E-02 NO=4.204E+00 NO2=2.704E+01 NO3=5.253E-04 O=3.463E-06 O1D=2.293E-12 O3=1.341E+02 OH=3.560E-04 OLE=2.544E+00 OPEN=6.231E-01 PAN=1.453E+01 PAR=4.705E+01 PNA=4.107E-01 PROD=3.491E+00 ROR=1.065E-07 TO2=9.918E-05 TOL=7.734E+00 XO2=5.009E-03 XO2N=9.337E-04 XYL=3.614E+00 }
2.5%; {T=5.410E+04 ALD2=8.300E+00 C2O3=1.209E-03 CO=3.342E+02 CRES=8.175E-01 CRO=1.615E-04 ETH=9.968E+00 H2O=1.250E+08 H2O2=1.773E+00 HCHO=2.023E+01 HNO3=3.193E+01 HO2=3.227E-02 HONO=7.960E-02 ISOP=2.530E-03 MGLY=1.905E+00 N2O5=1.162E-02 NO=9.080E-01 NO2=8.506E+00 NO3=7.015E-04 O=1.562E-06 O1D=2.738E-12 O3=1.689E+02 OH=4.934E-04 OLE=6.431E-01 OPEN=4.457E-01 PAN=2.420E+01 PAR=4.515E+01 PNA=4.254E-01 PROD=5.777E+00 ROR=1.420E-07 TO2=8.860E-05 TOL=5.925E+00 XO2=1.808E-02 XO2N=4.023E-03 XYL=1.258E+00 }
3.4%; {T=5.771E+04 ALD2=5.529E+00 C2O3=1.004E-02 CO=3.439E+02 CRES=5.759E-01 CRO=5.970E-04 ETH=7.146E+00 H2O=1.250E+08 H2O2=7.488E+00 HCHO=1.629E+01 HNO3=3.441E+01 HO2=4.213E-02 HONO=7.846E-03 ISOP=5.682E-05 MGLY=9.319E-01 N2O5=4.213E-04 NO=5.413E-02 NO2=7.485E-01 NO3=2.649E-04 O=7.072E-07 O1D=2.494E-12 O3=1.782E+02 OH=3.091E-04 OLE=1.810E-01 OPEN=2.661E-01 PAN=2.949E+01 PAR=4.329E+01 PNA=5.083E-02 PROD=7.372E+00 ROR=8.543E-08 TO2=3.835E-05 TOL=4.664E+00 XO2=8.414E-02 XO2N=2.458E-02 XYL=4.875E-01 }
4.2%; {T=6.133E+04 ALD2=4.168E+00 C2O3=5.442E-02 CO=3.493E+02 CRES=5.723E-01 CRO=2.764E-03 ETH=5.629E+00 H2O=1.250E+08 H2O2=1.350E+01 HCHO=1.500E+01 HNO3=3.448E+01 HO2=3.804E-02 HONO=3.733E-04 ISOP=3.857E-06 MGLY=5.202E-01 N2O5=2.072E-05 NO=4.024E-03 NO2=9.698E-02 NO3=1.132E-04 O=4.500E-07 O1D=1.725E-12 O3=1.726E+02 OH=2.458E-04 OLE=7.154E-02 OPEN=2.059E-01 PAN=2.974E+01 PAR=4.194E+01 PNA=5.671E-03 PROD=1.047E+01 ROR=6.583E-08 TO2=2.405E-05 TOL=3.948E+00 XO2=1.327E-01 XO2N=1.209E-01 XYL=2.521E-01 }
5.0%; {T=6.497E+04 ALD2=3.468E+00 C2O3=3.791E-02 CO=3.525E+02 CRES=4.973E-01 CRO=1.129E-03 ETH=4.754E+00 H2O=1.250E+08 H2O2=1.705E+01 HCHO=1.432E+01 HNO3=3.452E+01 HO2=2.617E-02 HONO=2.094E-04 ISOP=5.834E-07 MGLY=3.573E-01 N2O5=2.710E-05 NO=3.168E-03 NO2=1.389E-01 NO3=1.034E-04 O=2.093E-07 O1D=7.973E-13 O3=1.687E+02 OH=1.288E-04 OLE=3.637E-02 OPEN=1.767E-01 PAN=2.934E+01 PAR=4.101E+01 PNA=5.603E-03 PROD=1.262E+01 ROR=3.373E-08 TO2=1.087E-05 TOL=3.526E+00 XO2=9.124E-02 XO2N=1.693E-01 XYL=1.610E-01 }
5.9%; {T=6.861E+04 ALD2=3.246E+00 C2O3=2.534E-02 CO=3.535E+02 CRES=4.230E-01 CRO=3.775E-04 ETH=4.404E+00 H2O=1.250E+08 H2O2=1.823E+01 HCHO=1.427E+01 HNO3=3.459E+01 HO2=1.046E-02 HONO=1.671E-04 ISOP=2.566E-07 MGLY=3.165E-01 N2O5=3.965E-05 NO=6.647E-04 NO2=2.080E-01 NO3=1.014E-04 O=2.437E-08 O1D=9.192E-14 O3=1.671E+02 OH=2.202E-05 OLE=2.581E-02 OPEN=1.527E-01 PAN=2.904E+01 PAR=4.066E+01 PNA=3.392E-03 PROD=1.350E+01 ROR=5.717E-09 TO2=1.764E-06 TOL=3.380E+00 XO2=4.684E-02 XO2N=1.778E-01 XYL=1.362E-01 }
6.8%; {T=7.245E+04 ALD2=3.225E+00 C2O3=2.156E-02 CO=3.537E+02 CRES=3.318E-01 CRO=3.018E-04 ETH=4.278E+00 H2O=1.250E+08 H2O2=1.837E+01 HCHO=1.459E+01 HNO3=3.469E+01 HO2=5.168E-03 HONO=1.631E-04 ISOP=1.958E-07 MGLY=3.180E-01 N2O5=6.354E-05 NO=3.589E-09 NO2=2.445E-01 NO3=1.378E-04 O=1.270E-30 O1D=9.623E-187 O3=1.666E+02 OH=4.847E-06 OLE=2.165E-02 OPEN=1.309E-01 PAN=2.881E+01 PAR=4.062E+01 PNA=1.946E-03 PROD=1.378E+01 ROR=1.257E-09 TO2=3.859E-07 TOL=3.364E+00 XO2=3.099E-02 XO2N=1.800E-01 XYL=1.337E-01 }
7.7%; {T=7.631E+04 ALD2=3.212E+00 C2O3=2.113E-02 CO=3.537E+02 CRES=2.368E-01 CRO=2.967E-04 ETH=4.165E+00 H2O=1.250E+08 H2O2=1.846E+01 HCHO=1.490E+01 HNO3=3.479E+01 HO2=5.039E-03 HONO=1.626E-04 ISOP=1.529E-07 MGLY=3.206E-01 N2O5=9.062E-05 NO=5.146E-09 NO2=2.478E-01 NO3=1.940E-04 O=2.681E-29 O1D=-1.137E-200 O3=1.663E+02 OH=4.714E-06 OLE=1.829E-02 OPEN=1.119E-01 PAN=2.860E+01 PAR=4.059E+01 PNA=1.923E-03 PROD=1.403E+01 ROR=1.222E-09 TO2=3.740E-07 TOL=3.354E+00 XO2=3.022E-02 XO2N=1.822E-01 XYL=1.321E-01 }
8.5%; {T=7.997E+04 ALD2=3.200E+00 C2O3=2.096E-02 CO=3.538E+02 CRES=1.491E-01 CRO=2.907E-04 ETH=4.061E+00 H2O=1.250E+08 H2O2=1.854E+01 HCHO=1.518E+01 HNO3=3.488E+01 HO2=4.977E-03 HONO=1.622E-04 ISOP=1.209E-07 MGLY=3.224E-01 N2O5=1.419E-04 NO=8.089E-09 NO2=2.481E-01 NO3=3.043E-04 O=5.272E-32 O1D=-3.729E-203 O3=1.659E+02 OH=4.659E-06 OLE=1.561E-02 OPEN=9.627E-02 PAN=2.841E+01 PAR=4.057E+01 PNA=1.902E-03 PROD=1.425E+01 ROR=1.207E-09 TO2=3.683E-07 TOL=3.345E+00 XO2=2.988E-02 XO2N=1.842E-01 XYL=1.307E-01 }
9.3%; {T=8.357E+04 ALD2=3.187E+00 C2O3=2.082E-02 CO=3.539E+02 CRES=6.603E-02 CRO=2.763E-04 ETH=3.961E+00 H2O=1.250E+08 H2O2=1.863E+01 HCHO=1.545E+01 HNO3=3.498E+01 HO2=4.926E-03 HONO=1.617E-04 ISOP=9.544E-08 MGLY=3.238E-01 N2O5=3.038E-04 NO=1.743E-08 NO2=2.482E-01 NO3=6.571E-04 O=1.134E-49 O1D=-5.805E-241 O3=1.656E+02 OH=4.614E-06 OLE=1.335E-02 OPEN=8.272E-02 PAN=2.822E+01 PAR=4.054E+01 PNA=1.883E-03 PROD=1.447E+01 ROR=1.194E-09 TO2=3.636E-07 TOL=3.336E+00 XO2=2.958E-02 XO2N=1.862E-01 XYL=1.293E-01 }
10.2%; {T=8.720E+04 ALD2=3.173E+00 C2O3=2.044E-02 CO=3.540E+02 CRES=2.518E-03 CRO=8.726E-05 ETH=3.864E+00 H2O=1.250E+08 H2O2=1.871E+01 HCHO=1.571E+01 HNO3=3.508E+01 HO2=4.879E-03 HONO=1.613E-04 ISOP=7.203E-08 MGLY=3.248E-01 N2O5=2.491E-03 NO=1.402E-07 NO2=2.514E-01 NO3=5.459E-03 O=4.898E-45 O1D=-0.000E+00 O3=1.652E+02 OH=4.552E-06 OLE=1.139E-02 OPEN=7.072E-02 PAN=2.804E+01 PAR=4.052E+01 PNA=1.889E-03 PROD=1.467E+01 ROR=1.178E-09 TO2=3.575E-07 TOL=3.327E+00 XO2=2.909E-02 XO2N=1.882E-01 XYL=1.279E-01 }
11.0%; {T=9.083E+04 ALD2=3.154E+00 C2O3=2.024E-02 CO=3.541E+02 CRES=4.419E-04 CRO=2.708E-05 ETH=3.769E+00 H2O=1.250E+08 H2O2=1.879E+01 HCHO=1.595E+01 HNO3=3.523E+01 HO2=4.870E-03 HONO=1.608E-04 ISOP=4.419E-08 MGLY=3.255E-01 N2O5=4.712E-03 NO=2.468E-07 NO2=2.525E-01 NO3=9.845E-03 O=9.869E-43 O1D=0.000E+00 O3=1.649E+02 OH=4.513E-06 OLE=9.685E-03 OPEN=6.039E-02 PAN=2.786E+01 PAR=4.050E+01 PNA=1.894E-03 PROD=1.480E+01 ROR=1.167E-09 TO2=3.532E-07 TOL=3.318E+00 XO2=2.876E-02 XO2N=1.901E-01 XYL=1.265E-01 }
11.9%; {T=9.477E+04 ALD2=3.133E+00 C2O3=2.017E-02 CO=3.542E+02 CRES=4.356E-04 CRO=2.675E-05 ETH=3.669E+00 H2O=1.250E+08 H2O2=1.887E+01 HCHO=1.620E+01 HNO3=3.541E+01 HO2=4.838E-03 HONO=1.603E-04 ISOP=2.528E-08 MGLY=3.259E-01 N2O5=4.687E-03 NO=2.460E-07 NO2=2.516E-01 NO3=9.828E-03 O=-2.175E-41 O1D=-0.000E+00 O3=1.646E+02 OH=4.459E-06 OLE=8.116E-03 OPEN=5.089E-02 PAN=2.768E+01 PAR=4.047E+01 PNA=1.875E-03 PROD=1.493E+01 ROR=1.152E-09 TO2=3.478E-07 TOL=3.308E+00 XO2=2.862E-02 XO2N=1.922E-01 XYL=1.251E-01 }
12.9%; {T=9.872E+04 ALD2=3.112E+00 C2O3=2.007E-02 CO=3.543E+02 CRES=4.294E-04 CRO=2.636E-05 ETH=3.572E+00 H2O=1.250E+08 H2O2=1.896E+01 HCHO=1.645E+01 HNO3=3.559E+01 HO2=4.803E-03 HONO=1.599E-04 ISOP=1.448E-08 MGLY=3.260E-01 N2O5=4.666E-03 NO=2.454E-07 NO2=2.511E-01 NO3=9.805E-03 O=2.988E-42 O1D=-0.000E+00 O3=1.642E+02 OH=4.400E-06 OLE=6.803E-03 OPEN=4.290E-02 PAN=2.749E+01 PAR=4.045E+01 PNA=1.857E-03 PROD=1.507E+01 ROR=1.136E-09 TO2=3.420E-07 TOL=3.299E+00 XO2=2.843E-02 XO2N=1.942E-01 XYL=1.237E-01 }
13.8%; {T=1.027E+05 ALD2=3.091E+00 C2O3=1.998E-02 CO=3.543E+02 CRES=4.236E-04 CRO=2.600E-05 ETH=3.477E+00 H2O=1.250E+08 H2O2=1.904E+01 HCHO=1.669E+01 HNO3=3.577E+01 HO2=4.769E-03 HONO=1.594E-04 ISOP=8.304E-09 MGLY=3.259E-01 N2O5=4.646E-03 NO=2.449E-07 NO2=2.505E-01 NO3=9.782E-03 O=1.565E-56 O1D=-0.000E+00 O3=1.639E+02 OH=4.346E-06 OLE=5.705E-03 OPEN=3.619E-02 PAN=2.730E+01 PAR=4.042E+01 PNA=1.840E-03 PROD=1.520E+01 ROR=1.122E-09 TO2=3.366E-07 TOL=3.289E+00 XO2=2.825E-02 XO2N=1.963E-01 XYL=1.223E-01 }
Traceback (most recent call last):
  File "pykpp/mech.py", line 292, in dy
    out = eval(self.dy_exp)
  File "<string>", line 1, in <module>
KeyboardInterrupt
odepack.error: Error occurred while calling the Python function named dy
Traceback (most recent call last):
  File "pykpp/mech.py", line 290, in dy
    rates = eval(self.rate_exp)
  File "<string>", line 1, in <module>
KeyboardInterrupt
odepack.error: Error occurred while calling the Python function named dy
